Arguments: 
  D:\Estudo\TI\Nodejs\node.exe C:\Users\Fabio\AppData\Roaming\npm\node_modules\yarn\bin\yarn.js

PATH: 
  D:\Estudo\TI\Git\mingw64\bin;D:\Estudo\TI\Git\usr\bin;C:\Users\Fabio\bin;C:\Program Files (x86)\Common Files\Oracle\Java\javapath;C:\WINDOWS\system32;C:\WINDOWS;C:\WINDOWS\System32\Wbem;C:\WINDOWS\System32\WindowsPowerShell\v1.0;C:\Program Files\NVIDIA Corporation\NVIDIA NvDLISR;C:\Program Files (x86)\NVIDIA Corporation\PhysX\Common;C:\ProgramData\chocolatey\bin;D:\Estudo\TI\Nodejs;D:\Estudo\TI\Git\cmd;C:\Users\Fabio\AppData\Local\Microsoft\WindowsApps;C:\Users\Fabio\AppData\Roaming\npm;C:\Users\Fabio\adb-fastboot;D:\Estudo\TI\Microsoft VS Code\bin

Yarn version: 
  1.22.4

Node version: 
  12.16.1

Platform: 
  win32 x64

Trace: 
  Error: ENOENT: no such file or directory, scandir 'D:\Estudo\TI\Rocketseat\Next Level Week\nlw\aulas\mobile\node_modules\@babel\preset-env'

npm manifest: 
  {
    "main": "node_modules/expo/AppEntry.js",
    "scripts": {
      "start": "expo start",
      "android": "expo start --android",
      "ios": "expo start --ios",
      "web": "expo start --web",
      "eject": "expo eject"
    },
    "dependencies": {
      "@expo-google-fonts/roboto": "^0.1.0",
      "@expo-google-fonts/ubuntu": "^0.1.0",
      "@react-native-community/masked-view": "0.1.6",
      "@react-navigation/native": "^5.5.0",
      "@react-navigation/stack": "^5.4.1",
      "axios": "^0.19.2",
      "expo": "^37.0.12",
      "expo-constants": "~9.0.0",
      "expo-font": "~8.1.0",
      "expo-location": "^8.1.0",
      "react": "~16.9.0",
      "react-dom": "~16.9.0",
      "react-native": "https://github.com/expo/react-native/archive/sdk-37.0.1.tar.gz",
      "react-native-gesture-handler": "~1.6.0",
      "react-native-maps": "0.26.1",
      "react-native-reanimated": "~1.7.0",
      "react-native-safe-area-context": "0.7.3",
      "react-native-screens": "~2.2.0",
      "react-native-svg": "11.0.1",
      "react-native-web": "~0.11.7"
    },
    "devDependencies": {
      "@babel/core": "^7.8.6",
      "@types/react": "~16.9.23",
      "@types/react-native": "~0.61.17",
      "babel-preset-expo": "~8.1.0",
      "typescript": "~3.8.3"
    },
    "private": true
  }

yarn manifest: 
  No manifest

Lockfile: 
  No lockfile
